# JRE version: OpenJDK Runtime Environment (17.0.6) (build 17.0.6+0-b2043.56-10027231)
# Java VM: OpenJDK 64-Bit Server VM (17.0.6+0-b2043.56-10027231, mixed mode, tiered, compressed oops, compressed class ptrs, g1 gc, windows-amd64)
GC Precious Log:
 CPUs: 8 total, 8 available
 Memory: 15274M
 Large Page Support: Disabled
 NUMA Support: Disabled
 Compressed Oops: Enabled (32-bit)
 Heap Region Size: 1M
 Heap Min Capacity: 8M
 Heap Initial Capacity: 240M
 Heap Max Capacity: 2G
 Pre-touch: Disabled
 Parallel Workers: 8
 Concurrent Workers: 2
 Concurrent Refinement Workers: 8
 Periodic GC: Disabled
Heap:
 garbage-first heap   total 140288K, used 90161K [0x0000000080000000, 0x0000000100000000)
  region size 1024K, 23 young (23552K), 7 survivors (7168K)
 Metaspace       used 84208K, committed 84864K, reserved 1122304K
  class space    used 11636K, committed 11968K, reserved 1048576K
GC Heap History (20 events):
Event: 7.303 GC heap before
{Heap before GC invocations=13 (full 0):
 garbage-first heap   total 86016K, used 68834K [0x0000000080000000, 0x0000000100000000)
  region size 1024K, 33 young (33792K), 5 survivors (5120K)
 Metaspace       used 53952K, committed 54464K, reserved 1097728K
  class space    used 7134K, committed 7360K, reserved 1048576K
}
Event: 7.308 GC heap after
{Heap after GC invocations=14 (full 0):
 garbage-first heap   total 86016K, used 46141K [0x0000000080000000, 0x0000000100000000)
  region size 1024K, 5 young (5120K), 5 survivors (5120K)
 Metaspace       used 53952K, committed 54464K, reserved 1097728K
  class space    used 7134K, committed 7360K, reserved 1048576K
}
Event: 7.651 GC heap before
{Heap before GC invocations=14 (full 0):
 garbage-first heap   total 86016K, used 66621K [0x0000000080000000, 0x0000000100000000)
  region size 1024K, 25 young (25600K), 5 survivors (5120K)
 Metaspace       used 57203K, committed 57664K, reserved 1105920K
  class space    used 7538K, committed 7744K, reserved 1048576K
}
Event: 7.655 GC heap after
{Heap after GC invocations=15 (full 0):
 garbage-first heap   total 86016K, used 46961K [0x0000000080000000, 0x0000000100000000)
  region size 1024K, 1 young (1024K), 1 survivors (1024K)
 Metaspace       used 57203K, committed 57664K, reserved 1105920K
  class space    used 7538K, committed 7744K, reserved 1048576K
}
Event: 8.100 GC heap before
{Heap before GC invocations=16 (full 0):
 garbage-first heap   total 86016K, used 67441K [0x0000000080000000, 0x0000000100000000)
  region size 1024K, 21 young (21504K), 1 survivors (1024K)
 Metaspace       used 60759K, committed 61248K, reserved 1105920K
  class space    used 8047K, committed 8256K, reserved 1048576K
}
Event: 8.103 GC heap after
{Heap after GC invocations=17 (full 0):
 garbage-first heap   total 86016K, used 47996K [0x0000000080000000, 0x0000000100000000)
  region size 1024K, 2 young (2048K), 2 survivors (2048K)
 Metaspace       used 60759K, committed 61248K, reserved 1105920K
  class space    used 8047K, committed 8256K, reserved 1048576K
}
Event: 8.263 GC heap before
{Heap before GC invocations=17 (full 0):
 garbage-first heap   total 86016K, used 56188K [0x0000000080000000, 0x0000000100000000)
  region size 1024K, 12 young (12288K), 2 survivors (2048K)
 Metaspace       used 62683K, committed 63232K, reserved 1105920K
  class space    used 8282K, committed 8512K, reserved 1048576K
}
Event: 8.266 GC heap after
{Heap after GC invocations=18 (full 0):
 garbage-first heap   total 86016K, used 49389K [0x0000000080000000, 0x0000000100000000)
  region size 1024K, 3 young (3072K), 3 survivors (3072K)
 Metaspace       used 62683K, committed 63232K, reserved 1105920K
  class space    used 8282K, committed 8512K, reserved 1048576K
}
Event: 8.450 GC heap before
{Heap before GC invocations=19 (full 0):
 garbage-first heap   total 116736K, used 74989K [0x0000000080000000, 0x0000000100000000)
  region size 1024K, 22 young (22528K), 3 survivors (3072K)
 Metaspace       used 63696K, committed 64192K, reserved 1105920K
  class space    used 8415K, committed 8640K, reserved 1048576K
}
Event: 8.455 GC heap after
{Heap after GC invocations=20 (full 0):
 garbage-first heap   total 116736K, used 51469K [0x0000000080000000, 0x0000000100000000)
  region size 1024K, 3 young (3072K), 3 survivors (3072K)
 Metaspace       used 63696K, committed 64192K, reserved 1105920K
  class space    used 8415K, committed 8640K, reserved 1048576K
}
Event: 8.950 GC heap before
{Heap before GC invocations=20 (full 0):
 garbage-first heap   total 116736K, used 85261K [0x0000000080000000, 0x0000000100000000)
  region size 1024K, 36 young (36864K), 3 survivors (3072K)
 Metaspace       used 66684K, committed 67200K, reserved 1114112K
  class space    used 8797K, committed 9024K, reserved 1048576K
}
Event: 8.955 GC heap after
{Heap after GC invocations=21 (full 0):
 garbage-first heap   total 116736K, used 54364K [0x0000000080000000, 0x0000000100000000)
  region size 1024K, 5 young (5120K), 5 survivors (5120K)
 Metaspace       used 66684K, committed 67200K, reserved 1114112K
  class space    used 8797K, committed 9024K, reserved 1048576K
}
Event: 9.155 GC heap before
{Heap before GC invocations=21 (full 0):
 garbage-first heap   total 116736K, used 87132K [0x0000000080000000, 0x0000000100000000)
  region size 1024K, 37 young (37888K), 5 survivors (5120K)
 Metaspace       used 66866K, committed 67328K, reserved 1114112K
  class space    used 8831K, committed 9024K, reserved 1048576K
}
Event: 9.162 GC heap after
{Heap after GC invocations=22 (full 0):
 garbage-first heap   total 140288K, used 57200K [0x0000000080000000, 0x0000000100000000)
  region size 1024K, 3 young (3072K), 3 survivors (3072K)
 Metaspace       used 66866K, committed 67328K, reserved 1114112K
  class space    used 8831K, committed 9024K, reserved 1048576K
}
Event: 9.949 GC heap before
{Heap before GC invocations=22 (full 0):
 garbage-first heap   total 140288K, used 104304K [0x0000000080000000, 0x0000000100000000)
  region size 1024K, 49 young (50176K), 3 survivors (3072K)
 Metaspace       used 72602K, committed 73152K, reserved 1114112K
  class space    used 9809K, committed 10048K, reserved 1048576K
}
Event: 9.954 GC heap after
{Heap after GC invocations=23 (full 0):
 garbage-first heap   total 140288K, used 59729K [0x0000000080000000, 0x0000000100000000)
  region size 1024K, 6 young (6144K), 6 survivors (6144K)
 Metaspace       used 72602K, committed 73152K, reserved 1114112K
  class space    used 9809K, committed 10048K, reserved 1048576K
}
Event: 10.795 GC heap before
{Heap before GC invocations=23 (full 0):
 garbage-first heap   total 140288K, used 107857K [0x0000000080000000, 0x0000000100000000)
  region size 1024K, 53 young (54272K), 6 survivors (6144K)
 Metaspace       used 77548K, committed 78144K, reserved 1122304K
  class space    used 10536K, committed 10816K, reserved 1048576K
}
Event: 10.805 GC heap after
{Heap after GC invocations=24 (full 0):
 garbage-first heap   total 140288K, used 63223K [0x0000000080000000, 0x0000000100000000)
  region size 1024K, 6 young (6144K), 6 survivors (6144K)
 Metaspace       used 77548K, committed 78144K, reserved 1122304K
  class space    used 10536K, committed 10816K, reserved 1048576K
}
Event: 11.500 GC heap before
{Heap before GC invocations=24 (full 0):
 garbage-first heap   total 140288K, used 110327K [0x0000000080000000, 0x0000000100000000)
  region size 1024K, 52 young (53248K), 6 survivors (6144K)
 Metaspace       used 81747K, committed 82368K, reserved 1122304K
  class space    used 11122K, committed 11456K, reserved 1048576K
}
Event: 11.508 GC heap after
{Heap after GC invocations=25 (full 0):
 garbage-first heap   total 140288K, used 67559K [0x0000000080000000, 0x0000000100000000)
  region size 1024K, 7 young (7168K), 7 survivors (7168K)
 Metaspace       used 81747K, committed 82368K, reserved 1122304K
  class space    used 11122K, committed 11456K, reserved 1048576K
}

