# JRE version: OpenJDK Runtime Environment (17.0.6) (build 17.0.6+0-b2043.56-10027231)
# Java VM: OpenJDK 64-Bit Server VM (17.0.6+0-b2043.56-10027231, mixed mode, tiered, compressed oops, compressed class ptrs, g1 gc, windows-amd64)
GC Precious Log:
 CPUs: 8 total, 8 available
 Memory: 15274M
 Large Page Support: Disabled
 NUMA Support: Disabled
 Compressed Oops: Enabled (32-bit)
 Heap Region Size: 1M
 Heap Min Capacity: 8M
 Heap Initial Capacity: 240M
 Heap Max Capacity: 2G
 Pre-touch: Disabled
 Parallel Workers: 8
 Concurrent Workers: 2
 Concurrent Refinement Workers: 8
 Periodic GC: Disabled
Heap:
 garbage-first heap   total 454656K, used 306532K [0x0000000080000000, 0x0000000100000000)
  region size 1024K, 117 young (119808K), 6 survivors (6144K)
 Metaspace       used 119402K, committed 120448K, reserved 1155072K
  class space    used 15678K, committed 16192K, reserved 1048576K
GC Heap History (20 events):
Event: 16.282 GC heap before
{Heap before GC invocations=39 (full 0):
 garbage-first heap   total 294912K, used 248916K [0x0000000080000000, 0x0000000100000000)
  region size 1024K, 127 young (130048K), 2 survivors (2048K)
 Metaspace       used 91775K, committed 92480K, reserved 1130496K
  class space    used 12456K, committed 12800K, reserved 1048576K
}
Event: 16.293 GC heap after
{Heap after GC invocations=40 (full 0):
 garbage-first heap   total 294912K, used 132208K [0x0000000080000000, 0x0000000100000000)
  region size 1024K, 13 young (13312K), 13 survivors (13312K)
 Metaspace       used 91775K, committed 92480K, reserved 1130496K
  class space    used 12456K, committed 12800K, reserved 1048576K
}
Event: 18.059 GC heap before
{Heap before GC invocations=40 (full 0):
 garbage-first heap   total 294912K, used 232560K [0x0000000080000000, 0x0000000100000000)
  region size 1024K, 111 young (113664K), 13 survivors (13312K)
 Metaspace       used 96130K, committed 96896K, reserved 1138688K
  class space    used 12870K, committed 13248K, reserved 1048576K
}
Event: 18.074 GC heap after
{Heap after GC invocations=41 (full 0):
 garbage-first heap   total 294912K, used 140342K [0x0000000080000000, 0x0000000100000000)
  region size 1024K, 9 young (9216K), 9 survivors (9216K)
 Metaspace       used 96130K, committed 96896K, reserved 1138688K
  class space    used 12870K, committed 13248K, reserved 1048576K
}
Event: 89.228 GC heap before
{Heap before GC invocations=41 (full 0):
 garbage-first heap   total 294912K, used 234550K [0x0000000080000000, 0x0000000100000000)
  region size 1024K, 102 young (104448K), 9 survivors (9216K)
 Metaspace       used 100675K, committed 101632K, reserved 1138688K
  class space    used 13479K, committed 13952K, reserved 1048576K
}
Event: 89.242 GC heap after
{Heap after GC invocations=42 (full 0):
 garbage-first heap   total 294912K, used 149672K [0x0000000080000000, 0x0000000100000000)
  region size 1024K, 10 young (10240K), 10 survivors (10240K)
 Metaspace       used 100675K, committed 101632K, reserved 1138688K
  class space    used 13479K, committed 13952K, reserved 1048576K
}
Event: 91.235 GC heap before
{Heap before GC invocations=43 (full 0):
 garbage-first heap   total 294912K, used 237736K [0x0000000080000000, 0x0000000100000000)
  region size 1024K, 97 young (99328K), 10 survivors (10240K)
 Metaspace       used 104334K, committed 105344K, reserved 1146880K
  class space    used 13985K, committed 14464K, reserved 1048576K
}
Event: 91.252 GC heap after
{Heap after GC invocations=44 (full 0):
 garbage-first heap   total 294912K, used 160733K [0x0000000080000000, 0x0000000100000000)
  region size 1024K, 11 young (11264K), 11 survivors (11264K)
 Metaspace       used 104334K, committed 105344K, reserved 1146880K
  class space    used 13985K, committed 14464K, reserved 1048576K
}
Event: 91.423 GC heap before
{Heap before GC invocations=44 (full 0):
 garbage-first heap   total 294912K, used 162781K [0x0000000080000000, 0x0000000100000000)
  region size 1024K, 14 young (14336K), 11 survivors (11264K)
 Metaspace       used 104370K, committed 105344K, reserved 1146880K
  class space    used 13988K, committed 14464K, reserved 1048576K
}
Event: 91.431 GC heap after
{Heap after GC invocations=45 (full 0):
 garbage-first heap   total 294912K, used 161979K [0x0000000080000000, 0x0000000100000000)
  region size 1024K, 2 young (2048K), 2 survivors (2048K)
 Metaspace       used 104370K, committed 105344K, reserved 1146880K
  class space    used 13988K, committed 14464K, reserved 1048576K
}
Event: 95.906 GC heap before
{Heap before GC invocations=45 (full 0):
 garbage-first heap   total 294912K, used 250043K [0x0000000080000000, 0x0000000100000000)
  region size 1024K, 78 young (79872K), 2 survivors (2048K)
 Metaspace       used 107743K, committed 108672K, reserved 1146880K
  class space    used 14350K, committed 14784K, reserved 1048576K
}
Event: 95.920 GC heap after
{Heap after GC invocations=46 (full 0):
 garbage-first heap   total 294912K, used 183560K [0x0000000080000000, 0x0000000100000000)
  region size 1024K, 10 young (10240K), 10 survivors (10240K)
 Metaspace       used 107743K, committed 108672K, reserved 1146880K
  class space    used 14350K, committed 14784K, reserved 1048576K
}
Event: 96.634 GC heap before
{Heap before GC invocations=46 (full 0):
 garbage-first heap   total 294912K, used 220424K [0x0000000080000000, 0x0000000100000000)
  region size 1024K, 36 young (36864K), 10 survivors (10240K)
 Metaspace       used 107863K, committed 108800K, reserved 1146880K
  class space    used 14359K, committed 14848K, reserved 1048576K
}
Event: 96.646 GC heap after
{Heap after GC invocations=47 (full 0):
 garbage-first heap   total 294912K, used 194815K [0x0000000080000000, 0x0000000100000000)
  region size 1024K, 7 young (7168K), 7 survivors (7168K)
 Metaspace       used 107863K, committed 108800K, reserved 1146880K
  class space    used 14359K, committed 14848K, reserved 1048576K
}
Event: 97.208 GC heap before
{Heap before GC invocations=48 (full 0):
 garbage-first heap   total 350208K, used 239871K [0x0000000080000000, 0x0000000100000000)
  region size 1024K, 49 young (50176K), 7 survivors (7168K)
 Metaspace       used 110913K, committed 111872K, reserved 1146880K
  class space    used 14622K, committed 15104K, reserved 1048576K
}
Event: 97.216 GC heap after
{Heap after GC invocations=49 (full 0):
 garbage-first heap   total 350208K, used 194024K [0x0000000080000000, 0x0000000100000000)
  region size 1024K, 7 young (7168K), 7 survivors (7168K)
 Metaspace       used 110913K, committed 111872K, reserved 1146880K
  class space    used 14622K, committed 15104K, reserved 1048576K
}
Event: 97.360 GC heap before
{Heap before GC invocations=49 (full 0):
 garbage-first heap   total 350208K, used 204264K [0x0000000080000000, 0x0000000100000000)
  region size 1024K, 17 young (17408K), 7 survivors (7168K)
 Metaspace       used 111173K, committed 112128K, reserved 1146880K
  class space    used 14637K, committed 15104K, reserved 1048576K
}
Event: 97.367 GC heap after
{Heap after GC invocations=50 (full 0):
 garbage-first heap   total 350208K, used 191361K [0x0000000080000000, 0x0000000100000000)
  region size 1024K, 2 young (2048K), 2 survivors (2048K)
 Metaspace       used 111173K, committed 112128K, reserved 1146880K
  class space    used 14637K, committed 15104K, reserved 1048576K
}
Event: 98.106 GC heap before
{Heap before GC invocations=50 (full 0):
 garbage-first heap   total 350208K, used 276353K [0x0000000080000000, 0x0000000100000000)
  region size 1024K, 86 young (88064K), 2 survivors (2048K)
 Metaspace       used 112982K, committed 113984K, reserved 1155072K
  class space    used 14827K, committed 15296K, reserved 1048576K
}
Event: 98.113 GC heap after
{Heap after GC invocations=51 (full 0):
 garbage-first heap   total 454656K, used 194916K [0x0000000080000000, 0x0000000100000000)
  region size 1024K, 6 young (6144K), 6 survivors (6144K)
 Metaspace       used 112982K, committed 113984K, reserved 1155072K
  class space    used 14827K, committed 15296K, reserved 1048576K
}

